# JRE version: OpenJDK Runtime Environment Temurin-21.0.2+13 (21.0.2+13) (build 21.0.2+13-LTS)
# Java VM: OpenJDK 64-Bit Server VM Temurin-21.0.2+13 (21.0.2+13-LTS, mixed mode, emulated-client, sharing, tiered, compressed oops, compressed class ptrs, g1 gc, windows-amd64)
GC Precious Log:
 CardTable entry size: 512
 Card Set container configuration: InlinePtr #cards 4 size 8 Array Of Cards #cards 16 size 48 Howl #buckets 8 coarsen threshold 3686 Howl Bitmap #cards 512 size 80 coarsen threshold 460 Card regions per heap region 1 cards per card region 4096
 CPUs: 8 total, 8 available
 Memory: 16101M
 Large Page Support: Disabled
 NUMA Support: Disabled
 Compressed Oops: Enabled (Zero based)
 Heap Region Size: 2M
 Heap Min Capacity: 8M
 Heap Initial Capacity: 252M
 Heap Max Capacity: 4026M
 Pre-touch: Disabled
 Parallel Workers: 8
 Concurrent Workers: 2
 Concurrent Refinement Workers: 8
 Periodic GC: Disabled
Heap:
 garbage-first heap   total 69632K, used 44710K [0x0000000704600000, 0x0000000800000000)
  region size 2048K, 13 young (26624K), 2 survivors (4096K)
 Metaspace       used 53844K, committed 54464K, reserved 1114112K
  class space    used 7051K, committed 7360K, reserved 1048576K
GC Heap History (20 events):
Event: 4370.817 GC heap after
{Heap after GC invocations=88 (full 36):
 garbage-first heap   total 69632K, used 20843K [0x0000000704600000, 0x0000000800000000)
  region size 2048K, 0 young (0K), 0 survivors (0K)
 Metaspace       used 53525K, committed 54400K, reserved 1114112K
  class space    used 7008K, committed 7360K, reserved 1048576K
}
Event: 4371.121 GC heap before
{Heap before GC invocations=88 (full 36):
 garbage-first heap   total 69632K, used 57707K [0x0000000704600000, 0x0000000800000000)
  region size 2048K, 18 young (36864K), 0 survivors (0K)
 Metaspace       used 53640K, committed 54400K, reserved 1114112K
  class space    used 7020K, committed 7360K, reserved 1048576K
}
Event: 4371.123 GC heap after
{Heap after GC invocations=89 (full 36):
 garbage-first heap   total 69632K, used 24163K [0x0000000704600000, 0x0000000800000000)
  region size 2048K, 2 young (4096K), 2 survivors (4096K)
 Metaspace       used 53640K, committed 54400K, reserved 1114112K
  class space    used 7020K, committed 7360K, reserved 1048576K
}
Event: 4384.754 GC heap before
{Heap before GC invocations=89 (full 36):
 garbage-first heap   total 69632K, used 40547K [0x0000000704600000, 0x0000000800000000)
  region size 2048K, 11 young (22528K), 2 survivors (4096K)
 Metaspace       used 53647K, committed 54400K, reserved 1114112K
  class space    used 7021K, committed 7360K, reserved 1048576K
}
Event: 4384.798 GC heap after
{Heap after GC invocations=90 (full 37):
 garbage-first heap   total 69632K, used 20863K [0x0000000704600000, 0x0000000800000000)
  region size 2048K, 0 young (0K), 0 survivors (0K)
 Metaspace       used 53515K, committed 54400K, reserved 1114112K
  class space    used 7007K, committed 7360K, reserved 1048576K
}
Event: 4385.110 GC heap before
{Heap before GC invocations=90 (full 37):
 garbage-first heap   total 69632K, used 57727K [0x0000000704600000, 0x0000000800000000)
  region size 2048K, 18 young (36864K), 0 survivors (0K)
 Metaspace       used 53631K, committed 54400K, reserved 1114112K
  class space    used 7019K, committed 7360K, reserved 1048576K
}
Event: 4385.112 GC heap after
{Heap after GC invocations=91 (full 37):
 garbage-first heap   total 69632K, used 24178K [0x0000000704600000, 0x0000000800000000)
  region size 2048K, 2 young (4096K), 2 survivors (4096K)
 Metaspace       used 53631K, committed 54400K, reserved 1114112K
  class space    used 7019K, committed 7360K, reserved 1048576K
}
Event: 4435.726 GC heap before
{Heap before GC invocations=91 (full 37):
 garbage-first heap   total 69632K, used 44658K [0x0000000704600000, 0x0000000800000000)
  region size 2048K, 13 young (26624K), 2 survivors (4096K)
 Metaspace       used 53654K, committed 54400K, reserved 1114112K
  class space    used 7025K, committed 7360K, reserved 1048576K
}
Event: 4435.780 GC heap after
{Heap after GC invocations=92 (full 38):
 garbage-first heap   total 69632K, used 21290K [0x0000000704600000, 0x0000000800000000)
  region size 2048K, 0 young (0K), 0 survivors (0K)
 Metaspace       used 53648K, committed 54400K, reserved 1114112K
  class space    used 7024K, committed 7360K, reserved 1048576K
}
Event: 4436.115 GC heap before
{Heap before GC invocations=92 (full 38):
 garbage-first heap   total 69632K, used 58154K [0x0000000704600000, 0x0000000800000000)
  region size 2048K, 18 young (36864K), 0 survivors (0K)
 Metaspace       used 53764K, committed 54400K, reserved 1114112K
  class space    used 7036K, committed 7360K, reserved 1048576K
}
Event: 4436.117 GC heap after
{Heap after GC invocations=93 (full 38):
 garbage-first heap   total 69632K, used 24611K [0x0000000704600000, 0x0000000800000000)
  region size 2048K, 2 young (4096K), 2 survivors (4096K)
 Metaspace       used 53764K, committed 54400K, reserved 1114112K
  class space    used 7036K, committed 7360K, reserved 1048576K
}
Event: 4461.098 GC heap before
{Heap before GC invocations=93 (full 38):
 garbage-first heap   total 69632K, used 43043K [0x0000000704600000, 0x0000000800000000)
  region size 2048K, 12 young (24576K), 2 survivors (4096K)
 Metaspace       used 53767K, committed 54400K, reserved 1114112K
  class space    used 7037K, committed 7360K, reserved 1048576K
}
Event: 4461.155 GC heap after
{Heap after GC invocations=94 (full 39):
 garbage-first heap   total 69632K, used 20806K [0x0000000704600000, 0x0000000800000000)
  region size 2048K, 0 young (0K), 0 survivors (0K)
 Metaspace       used 53520K, committed 54400K, reserved 1114112K
  class space    used 7008K, committed 7360K, reserved 1048576K
}
Event: 4461.565 GC heap before
{Heap before GC invocations=94 (full 39):
 garbage-first heap   total 69632K, used 57670K [0x0000000704600000, 0x0000000800000000)
  region size 2048K, 18 young (36864K), 0 survivors (0K)
 Metaspace       used 53635K, committed 54400K, reserved 1114112K
  class space    used 7020K, committed 7360K, reserved 1048576K
}
Event: 4461.567 GC heap after
{Heap after GC invocations=95 (full 39):
 garbage-first heap   total 69632K, used 24120K [0x0000000704600000, 0x0000000800000000)
  region size 2048K, 2 young (4096K), 2 survivors (4096K)
 Metaspace       used 53635K, committed 54400K, reserved 1114112K
  class space    used 7020K, committed 7360K, reserved 1048576K
}
Event: 4474.314 GC heap before
{Heap before GC invocations=95 (full 39):
 garbage-first heap   total 69632K, used 40504K [0x0000000704600000, 0x0000000800000000)
  region size 2048K, 11 young (22528K), 2 survivors (4096K)
 Metaspace       used 53649K, committed 54400K, reserved 1114112K
  class space    used 7021K, committed 7360K, reserved 1048576K
}
Event: 4474.367 GC heap after
{Heap after GC invocations=96 (full 40):
 garbage-first heap   total 69632K, used 20900K [0x0000000704600000, 0x0000000800000000)
  region size 2048K, 0 young (0K), 0 survivors (0K)
 Metaspace       used 53643K, committed 54400K, reserved 1114112K
  class space    used 7020K, committed 7360K, reserved 1048576K
}
Event: 4474.670 GC heap before
{Heap before GC invocations=96 (full 40):
 garbage-first heap   total 69632K, used 57764K [0x0000000704600000, 0x0000000800000000)
  region size 2048K, 18 young (36864K), 0 survivors (0K)
 Metaspace       used 53762K, committed 54464K, reserved 1114112K
  class space    used 7033K, committed 7360K, reserved 1048576K
}
Event: 4474.672 GC heap after
{Heap after GC invocations=97 (full 40):
 garbage-first heap   total 69632K, used 24228K [0x0000000704600000, 0x0000000800000000)
  region size 2048K, 2 young (4096K), 2 survivors (4096K)
 Metaspace       used 53762K, committed 54464K, reserved 1114112K
  class space    used 7033K, committed 7360K, reserved 1048576K
}
Event: 4532.531 GC heap before
{Heap before GC invocations=97 (full 40):
 garbage-first heap   total 69632K, used 44708K [0x0000000704600000, 0x0000000800000000)
  region size 2048K, 13 young (26624K), 2 survivors (4096K)
 Metaspace       used 53844K, committed 54464K, reserved 1114112K
  class space    used 7051K, committed 7360K, reserved 1048576K
}

