# JRE version: OpenJDK Runtime Environment Temurin-21.0.2+13 (21.0.2+13) (build 21.0.2+13-LTS)
# Java VM: OpenJDK 64-Bit Server VM Temurin-21.0.2+13 (21.0.2+13-LTS, mixed mode, emulated-client, sharing, tiered, compressed oops, compressed class ptrs, g1 gc, windows-amd64)
GC Precious Log:
 CardTable entry size: 512
 Card Set container configuration: InlinePtr #cards 4 size 8 Array Of Cards #cards 16 size 48 Howl #buckets 8 coarsen threshold 3686 Howl Bitmap #cards 512 size 80 coarsen threshold 460 Card regions per heap region 1 cards per card region 4096
 CPUs: 8 total, 8 available
 Memory: 16101M
 Large Page Support: Disabled
 NUMA Support: Disabled
 Compressed Oops: Enabled (Zero based)
 Heap Region Size: 2M
 Heap Min Capacity: 8M
 Heap Initial Capacity: 252M
 Heap Max Capacity: 4026M
 Pre-touch: Disabled
 Parallel Workers: 8
 Concurrent Workers: 2
 Concurrent Refinement Workers: 8
 Periodic GC: Disabled
Heap:
 garbage-first heap   total 81920K, used 69950K [0x0000000704600000, 0x0000000800000000)
  region size 2048K, 24 young (49152K), 2 survivors (4096K)
 Metaspace       used 49072K, committed 49664K, reserved 1114112K
  class space    used 6487K, committed 6720K, reserved 1048576K
GC Heap History (20 events):
Event: 3.370 GC heap after
{Heap after GC invocations=11 (full 0):
 garbage-first heap   total 75776K, used 19669K [0x0000000704600000, 0x0000000800000000)
  region size 2048K, 2 young (4096K), 2 survivors (4096K)
 Metaspace       used 38532K, committed 39104K, reserved 1114112K
  class space    used 5061K, committed 5312K, reserved 1048576K
}
Event: 3.738 GC heap before
{Heap before GC invocations=11 (full 0):
 garbage-first heap   total 75776K, used 60629K [0x0000000704600000, 0x0000000800000000)
  region size 2048K, 22 young (45056K), 2 survivors (4096K)
 Metaspace       used 41492K, committed 42048K, reserved 1114112K
  class space    used 5505K, committed 5760K, reserved 1048576K
}
Event: 3.742 GC heap after
{Heap after GC invocations=12 (full 0):
 garbage-first heap   total 75776K, used 22454K [0x0000000704600000, 0x0000000800000000)
  region size 2048K, 3 young (6144K), 3 survivors (6144K)
 Metaspace       used 41492K, committed 42048K, reserved 1114112K
  class space    used 5505K, committed 5760K, reserved 1048576K
}
Event: 98.795 GC heap before
{Heap before GC invocations=12 (full 0):
 garbage-first heap   total 75776K, used 61366K [0x0000000704600000, 0x0000000800000000)
  region size 2048K, 22 young (45056K), 3 survivors (6144K)
 Metaspace       used 44668K, committed 45248K, reserved 1114112K
  class space    used 5942K, committed 6208K, reserved 1048576K
}
Event: 98.800 GC heap after
{Heap after GC invocations=13 (full 0):
 garbage-first heap   total 92160K, used 24587K [0x0000000704600000, 0x0000000800000000)
  region size 2048K, 3 young (6144K), 3 survivors (6144K)
 Metaspace       used 44668K, committed 45248K, reserved 1114112K
  class space    used 5942K, committed 6208K, reserved 1048576K
}
Event: 172.205 GC heap before
{Heap before GC invocations=13 (full 0):
 garbage-first heap   total 92160K, used 67595K [0x0000000704600000, 0x0000000800000000)
  region size 2048K, 26 young (53248K), 3 survivors (6144K)
 Metaspace       used 48580K, committed 49216K, reserved 1114112K
  class space    used 6442K, committed 6720K, reserved 1048576K
}
Event: 172.239 GC heap after
{Heap after GC invocations=14 (full 1):
 garbage-first heap   total 81920K, used 19473K [0x0000000704600000, 0x0000000800000000)
  region size 2048K, 0 young (0K), 0 survivors (0K)
 Metaspace       used 48291K, committed 49216K, reserved 1114112K
  class space    used 6368K, committed 6720K, reserved 1048576K
}
Event: 173.926 GC heap before
{Heap before GC invocations=14 (full 1):
 garbage-first heap   total 81920K, used 66577K [0x0000000704600000, 0x0000000800000000)
  region size 2048K, 24 young (49152K), 0 survivors (0K)
 Metaspace       used 48524K, committed 49216K, reserved 1114112K
  class space    used 6417K, committed 6720K, reserved 1048576K
}
Event: 173.930 GC heap after
{Heap after GC invocations=15 (full 1):
 garbage-first heap   total 81920K, used 25705K [0x0000000704600000, 0x0000000800000000)
  region size 2048K, 3 young (6144K), 3 survivors (6144K)
 Metaspace       used 48524K, committed 49216K, reserved 1114112K
  class space    used 6417K, committed 6720K, reserved 1048576K
}
Event: 287.325 GC heap before
{Heap before GC invocations=15 (full 1):
 garbage-first heap   total 81920K, used 35945K [0x0000000704600000, 0x0000000800000000)
  region size 2048K, 10 young (20480K), 3 survivors (6144K)
 Metaspace       used 48538K, committed 49216K, reserved 1114112K
  class space    used 6421K, committed 6720K, reserved 1048576K
}
Event: 287.358 GC heap after
{Heap after GC invocations=16 (full 2):
 garbage-first heap   total 81920K, used 21569K [0x0000000704600000, 0x0000000800000000)
  region size 2048K, 0 young (0K), 0 survivors (0K)
 Metaspace       used 48411K, committed 49216K, reserved 1114112K
  class space    used 6388K, committed 6720K, reserved 1048576K
}
Event: 350.840 GC heap before
{Heap before GC invocations=16 (full 2):
 garbage-first heap   total 81920K, used 68673K [0x0000000704600000, 0x0000000800000000)
  region size 2048K, 23 young (47104K), 0 survivors (0K)
 Metaspace       used 48699K, committed 49280K, reserved 1114112K
  class space    used 6438K, committed 6720K, reserved 1048576K
}
Event: 350.842 GC heap after
{Heap after GC invocations=17 (full 2):
 garbage-first heap   total 81920K, used 23980K [0x0000000704600000, 0x0000000800000000)
  region size 2048K, 2 young (4096K), 2 survivors (4096K)
 Metaspace       used 48699K, committed 49280K, reserved 1114112K
  class space    used 6438K, committed 6720K, reserved 1048576K
}
Event: 389.018 GC heap before
{Heap before GC invocations=17 (full 2):
 garbage-first heap   total 81920K, used 66988K [0x0000000704600000, 0x0000000800000000)
  region size 2048K, 23 young (47104K), 2 survivors (4096K)
 Metaspace       used 48803K, committed 49408K, reserved 1114112K
  class space    used 6454K, committed 6720K, reserved 1048576K
}
Event: 389.020 GC heap after
{Heap after GC invocations=18 (full 2):
 garbage-first heap   total 81920K, used 24093K [0x0000000704600000, 0x0000000800000000)
  region size 2048K, 2 young (4096K), 2 survivors (4096K)
 Metaspace       used 48803K, committed 49408K, reserved 1114112K
  class space    used 6454K, committed 6720K, reserved 1048576K
}
Event: 396.055 GC heap before
{Heap before GC invocations=18 (full 2):
 garbage-first heap   total 81920K, used 69149K [0x0000000704600000, 0x0000000800000000)
  region size 2048K, 24 young (49152K), 2 survivors (4096K)
 Metaspace       used 48891K, committed 49472K, reserved 1114112K
  class space    used 6465K, committed 6720K, reserved 1048576K
}
Event: 396.058 GC heap after
{Heap after GC invocations=19 (full 2):
 garbage-first heap   total 81920K, used 24615K [0x0000000704600000, 0x0000000800000000)
  region size 2048K, 2 young (4096K), 2 survivors (4096K)
 Metaspace       used 48891K, committed 49472K, reserved 1114112K
  class space    used 6465K, committed 6720K, reserved 1048576K
}
Event: 417.470 GC heap before
{Heap before GC invocations=19 (full 2):
 garbage-first heap   total 81920K, used 69671K [0x0000000704600000, 0x0000000800000000)
  region size 2048K, 24 young (49152K), 2 survivors (4096K)
 Metaspace       used 48972K, committed 49536K, reserved 1114112K
  class space    used 6475K, committed 6720K, reserved 1048576K
}
Event: 417.472 GC heap after
{Heap after GC invocations=20 (full 2):
 garbage-first heap   total 81920K, used 24894K [0x0000000704600000, 0x0000000800000000)
  region size 2048K, 2 young (4096K), 2 survivors (4096K)
 Metaspace       used 48972K, committed 49536K, reserved 1114112K
  class space    used 6475K, committed 6720K, reserved 1048576K
}
Event: 764.276 GC heap before
{Heap before GC invocations=20 (full 2):
 garbage-first heap   total 81920K, used 69950K [0x0000000704600000, 0x0000000800000000)
  region size 2048K, 24 young (49152K), 2 survivors (4096K)
 Metaspace       used 49072K, committed 49664K, reserved 1114112K
  class space    used 6487K, committed 6720K, reserved 1048576K
}

