# JRE version: OpenJDK Runtime Environment Temurin-21.0.2+13 (21.0.2+13) (build 21.0.2+13-LTS)
# Java VM: OpenJDK 64-Bit Server VM Temurin-21.0.2+13 (21.0.2+13-LTS, mixed mode, emulated-client, sharing, tiered, compressed oops, compressed class ptrs, g1 gc, windows-amd64)
GC Precious Log:
 CardTable entry size: 512
 Card Set container configuration: InlinePtr #cards 4 size 8 Array Of Cards #cards 16 size 48 Howl #buckets 8 coarsen threshold 3686 Howl Bitmap #cards 512 size 80 coarsen threshold 460 Card regions per heap region 1 cards per card region 4096
 CPUs: 8 total, 8 available
 Memory: 16101M
 Large Page Support: Disabled
 NUMA Support: Disabled
 Compressed Oops: Enabled (Zero based)
 Heap Region Size: 2M
 Heap Min Capacity: 8M
 Heap Initial Capacity: 252M
 Heap Max Capacity: 4026M
 Pre-touch: Disabled
 Parallel Workers: 8
 Concurrent Workers: 2
 Concurrent Refinement Workers: 8
 Periodic GC: Disabled
Heap:
 garbage-first heap   total 69632K, used 56118K [0x0000000704600000, 0x0000000800000000)
  region size 2048K, 20 young (40960K), 2 survivors (4096K)
 Metaspace       used 46790K, committed 47296K, reserved 1114112K
  class space    used 6147K, committed 6400K, reserved 1048576K
GC Heap History (20 events):
Event: 1160.670 GC heap after
{Heap after GC invocations=33 (full 7):
 garbage-first heap   total 69632K, used 27367K [0x0000000704600000, 0x0000000800000000)
  region size 2048K, 1 young (2048K), 1 survivors (2048K)
 Metaspace       used 46541K, committed 47104K, reserved 1114112K
  class space    used 6102K, committed 6336K, reserved 1048576K
}
Event: 1242.335 GC heap before
{Heap before GC invocations=33 (full 7):
 garbage-first heap   total 69632K, used 33511K [0x0000000704600000, 0x0000000800000000)
  region size 2048K, 5 young (10240K), 1 survivors (2048K)
 Metaspace       used 46544K, committed 47104K, reserved 1114112K
  class space    used 6103K, committed 6336K, reserved 1048576K
}
Event: 1242.378 GC heap after
{Heap after GC invocations=34 (full 8):
 garbage-first heap   total 69632K, used 17852K [0x0000000704600000, 0x0000000800000000)
  region size 2048K, 0 young (0K), 0 survivors (0K)
 Metaspace       used 46403K, committed 47104K, reserved 1114112K
  class space    used 6068K, committed 6336K, reserved 1048576K
}
Event: 1243.011 GC heap before
{Heap before GC invocations=34 (full 8):
 garbage-first heap   total 69632K, used 54716K [0x0000000704600000, 0x0000000800000000)
  region size 2048K, 19 young (38912K), 0 survivors (0K)
 Metaspace       used 46558K, committed 47168K, reserved 1114112K
  class space    used 6109K, committed 6400K, reserved 1048576K
}
Event: 1243.015 GC heap after
{Heap after GC invocations=35 (full 8):
 garbage-first heap   total 69632K, used 23090K [0x0000000704600000, 0x0000000800000000)
  region size 2048K, 3 young (6144K), 3 survivors (6144K)
 Metaspace       used 46558K, committed 47168K, reserved 1114112K
  class space    used 6109K, committed 6400K, reserved 1048576K
}
Event: 1259.745 GC heap before
{Heap before GC invocations=35 (full 8):
 garbage-first heap   total 69632K, used 35378K [0x0000000704600000, 0x0000000800000000)
  region size 2048K, 10 young (20480K), 3 survivors (6144K)
 Metaspace       used 46581K, committed 47232K, reserved 1114112K
  class space    used 6115K, committed 6400K, reserved 1048576K
}
Event: 1259.791 GC heap after
{Heap after GC invocations=36 (full 9):
 garbage-first heap   total 69632K, used 18961K [0x0000000704600000, 0x0000000800000000)
  region size 2048K, 0 young (0K), 0 survivors (0K)
 Metaspace       used 46504K, committed 47232K, reserved 1114112K
  class space    used 6097K, committed 6400K, reserved 1048576K
}
Event: 1260.166 GC heap before
{Heap before GC invocations=36 (full 9):
 garbage-first heap   total 69632K, used 55825K [0x0000000704600000, 0x0000000800000000)
  region size 2048K, 18 young (36864K), 0 survivors (0K)
 Metaspace       used 46530K, committed 47232K, reserved 1114112K
  class space    used 6103K, committed 6400K, reserved 1048576K
}
Event: 1260.168 GC heap after
{Heap after GC invocations=37 (full 9):
 garbage-first heap   total 69632K, used 22765K [0x0000000704600000, 0x0000000800000000)
  region size 2048K, 2 young (4096K), 2 survivors (4096K)
 Metaspace       used 46530K, committed 47232K, reserved 1114112K
  class space    used 6103K, committed 6400K, reserved 1048576K
}
Event: 1342.970 GC heap before
{Heap before GC invocations=37 (full 9):
 garbage-first heap   total 69632K, used 39149K [0x0000000704600000, 0x0000000800000000)
  region size 2048K, 11 young (22528K), 2 survivors (4096K)
 Metaspace       used 46633K, committed 47232K, reserved 1114112K
  class space    used 6114K, committed 6400K, reserved 1048576K
}
Event: 1343.007 GC heap after
{Heap after GC invocations=38 (full 10):
 garbage-first heap   total 69632K, used 19094K [0x0000000704600000, 0x0000000800000000)
  region size 2048K, 0 young (0K), 0 survivors (0K)
 Metaspace       used 46631K, committed 47232K, reserved 1114112K
  class space    used 6114K, committed 6400K, reserved 1048576K
}
Event: 1343.366 GC heap before
{Heap before GC invocations=38 (full 10):
 garbage-first heap   total 69632K, used 53910K [0x0000000704600000, 0x0000000800000000)
  region size 2048K, 18 young (36864K), 0 survivors (0K)
 Metaspace       used 46646K, committed 47232K, reserved 1114112K
  class space    used 6118K, committed 6400K, reserved 1048576K
}
Event: 1343.369 GC heap after
{Heap after GC invocations=39 (full 10):
 garbage-first heap   total 69632K, used 23112K [0x0000000704600000, 0x0000000800000000)
  region size 2048K, 2 young (4096K), 2 survivors (4096K)
 Metaspace       used 46646K, committed 47232K, reserved 1114112K
  class space    used 6118K, committed 6400K, reserved 1048576K
}
Event: 1386.477 GC heap before
{Heap before GC invocations=39 (full 10):
 garbage-first heap   total 69632K, used 35400K [0x0000000704600000, 0x0000000800000000)
  region size 2048K, 9 young (18432K), 2 survivors (4096K)
 Metaspace       used 46696K, committed 47296K, reserved 1114112K
  class space    used 6136K, committed 6400K, reserved 1048576K
}
Event: 1386.514 GC heap after
{Heap after GC invocations=40 (full 11):
 garbage-first heap   total 69632K, used 19186K [0x0000000704600000, 0x0000000800000000)
  region size 2048K, 0 young (0K), 0 survivors (0K)
 Metaspace       used 46581K, committed 47296K, reserved 1114112K
  class space    used 6105K, committed 6400K, reserved 1048576K
}
Event: 1387.101 GC heap before
{Heap before GC invocations=40 (full 11):
 garbage-first heap   total 69632K, used 56050K [0x0000000704600000, 0x0000000800000000)
  region size 2048K, 18 young (36864K), 0 survivors (0K)
 Metaspace       used 46595K, committed 47296K, reserved 1114112K
  class space    used 6108K, committed 6400K, reserved 1048576K
}
Event: 1387.103 GC heap after
{Heap after GC invocations=41 (full 11):
 garbage-first heap   total 69632K, used 23164K [0x0000000704600000, 0x0000000800000000)
  region size 2048K, 2 young (4096K), 2 survivors (4096K)
 Metaspace       used 46595K, committed 47296K, reserved 1114112K
  class space    used 6108K, committed 6400K, reserved 1048576K
}
Event: 1469.116 GC heap before
{Heap before GC invocations=41 (full 11):
 garbage-first heap   total 69632K, used 39548K [0x0000000704600000, 0x0000000800000000)
  region size 2048K, 11 young (22528K), 2 survivors (4096K)
 Metaspace       used 46759K, committed 47296K, reserved 1114112K
  class space    used 6139K, committed 6400K, reserved 1048576K
}
Event: 1469.153 GC heap after
{Heap after GC invocations=42 (full 12):
 garbage-first heap   total 69632K, used 19254K [0x0000000704600000, 0x0000000800000000)
  region size 2048K, 0 young (0K), 0 survivors (0K)
 Metaspace       used 46756K, committed 47296K, reserved 1114112K
  class space    used 6138K, committed 6400K, reserved 1048576K
}
Event: 1543.068 GC heap before
{Heap before GC invocations=42 (full 12):
 garbage-first heap   total 69632K, used 56118K [0x0000000704600000, 0x0000000800000000)
  region size 2048K, 18 young (36864K), 0 survivors (0K)
 Metaspace       used 46790K, committed 47296K, reserved 1114112K
  class space    used 6147K, committed 6400K, reserved 1048576K
}

