# JRE version: OpenJDK Runtime Environment Temurin-21.0.2+13 (21.0.2+13) (build 21.0.2+13-LTS)
# Java VM: OpenJDK 64-Bit Server VM Temurin-21.0.2+13 (21.0.2+13-LTS, mixed mode, emulated-client, sharing, tiered, compressed oops, compressed class ptrs, g1 gc, windows-amd64)
GC Precious Log:
 CardTable entry size: 512
 Card Set container configuration: InlinePtr #cards 4 size 8 Array Of Cards #cards 16 size 48 Howl #buckets 8 coarsen threshold 3686 Howl Bitmap #cards 512 size 80 coarsen threshold 460 Card regions per heap region 1 cards per card region 4096
 CPUs: 8 total, 8 available
 Memory: 16101M
 Large Page Support: Disabled
 NUMA Support: Disabled
 Compressed Oops: Enabled (Zero based)
 Heap Region Size: 2M
 Heap Min Capacity: 8M
 Heap Initial Capacity: 252M
 Heap Max Capacity: 4026M
 Pre-touch: Disabled
 Parallel Workers: 8
 Concurrent Workers: 2
 Concurrent Refinement Workers: 8
 Periodic GC: Disabled
Heap:
 garbage-first heap   total 69632K, used 45575K [0x0000000704600000, 0x0000000800000000)
  region size 2048K, 11 young (22528K), 2 survivors (4096K)
 Metaspace       used 49555K, committed 50304K, reserved 1114112K
  class space    used 6495K, committed 6784K, reserved 1048576K
GC Heap History (20 events):
Event: 8880.911 GC heap after
{Heap after GC invocations=64 (full 23):
 garbage-first heap   total 69632K, used 24008K [0x0000000704600000, 0x0000000800000000)
  region size 2048K, 0 young (0K), 0 survivors (0K)
 Metaspace       used 49164K, committed 49920K, reserved 1114112K
  class space    used 6446K, committed 6784K, reserved 1048576K
}
Event: 8881.257 GC heap before
{Heap before GC invocations=64 (full 23):
 garbage-first heap   total 69632K, used 58824K [0x0000000704600000, 0x0000000800000000)
  region size 2048K, 17 young (34816K), 0 survivors (0K)
 Metaspace       used 49240K, committed 49984K, reserved 1114112K
  class space    used 6454K, committed 6784K, reserved 1048576K
}
Event: 8881.260 GC heap after
{Heap after GC invocations=65 (full 23):
 garbage-first heap   total 69632K, used 27184K [0x0000000704600000, 0x0000000800000000)
  region size 2048K, 2 young (4096K), 2 survivors (4096K)
 Metaspace       used 49240K, committed 49984K, reserved 1114112K
  class space    used 6454K, committed 6784K, reserved 1048576K
}
Event: 8888.954 GC heap before
{Heap before GC invocations=65 (full 23):
 garbage-first heap   total 69632K, used 43568K [0x0000000704600000, 0x0000000800000000)
  region size 2048K, 11 young (22528K), 2 survivors (4096K)
 Metaspace       used 49243K, committed 49984K, reserved 1114112K
  class space    used 6455K, committed 6784K, reserved 1048576K
}
Event: 8889.006 GC heap after
{Heap after GC invocations=66 (full 24):
 garbage-first heap   total 69632K, used 24136K [0x0000000704600000, 0x0000000800000000)
  region size 2048K, 0 young (0K), 0 survivors (0K)
 Metaspace       used 49237K, committed 49984K, reserved 1114112K
  class space    used 6454K, committed 6784K, reserved 1048576K
}
Event: 8889.319 GC heap before
{Heap before GC invocations=66 (full 24):
 garbage-first heap   total 69632K, used 58952K [0x0000000704600000, 0x0000000800000000)
  region size 2048K, 17 young (34816K), 0 survivors (0K)
 Metaspace       used 49317K, committed 50048K, reserved 1114112K
  class space    used 6464K, committed 6784K, reserved 1048576K
}
Event: 8889.321 GC heap after
{Heap after GC invocations=67 (full 24):
 garbage-first heap   total 69632K, used 27334K [0x0000000704600000, 0x0000000800000000)
  region size 2048K, 2 young (4096K), 2 survivors (4096K)
 Metaspace       used 49317K, committed 50048K, reserved 1114112K
  class space    used 6464K, committed 6784K, reserved 1048576K
}
Event: 8898.963 GC heap before
{Heap before GC invocations=67 (full 24):
 garbage-first heap   total 69632K, used 43718K [0x0000000704600000, 0x0000000800000000)
  region size 2048K, 11 young (22528K), 2 survivors (4096K)
 Metaspace       used 49326K, committed 50048K, reserved 1114112K
  class space    used 6466K, committed 6784K, reserved 1048576K
}
Event: 8899.014 GC heap after
{Heap after GC invocations=68 (full 25):
 garbage-first heap   total 69632K, used 24207K [0x0000000704600000, 0x0000000800000000)
  region size 2048K, 0 young (0K), 0 survivors (0K)
 Metaspace       used 49320K, committed 50048K, reserved 1114112K
  class space    used 6465K, committed 6784K, reserved 1048576K
}
Event: 8899.333 GC heap before
{Heap before GC invocations=68 (full 25):
 garbage-first heap   total 69632K, used 59023K [0x0000000704600000, 0x0000000800000000)
  region size 2048K, 17 young (34816K), 0 survivors (0K)
 Metaspace       used 49399K, committed 50112K, reserved 1114112K
  class space    used 6474K, committed 6784K, reserved 1048576K
}
Event: 8899.336 GC heap after
{Heap after GC invocations=69 (full 25):
 garbage-first heap   total 69632K, used 27243K [0x0000000704600000, 0x0000000800000000)
  region size 2048K, 2 young (4096K), 2 survivors (4096K)
 Metaspace       used 49399K, committed 50112K, reserved 1114112K
  class space    used 6474K, committed 6784K, reserved 1048576K
}
Event: 8954.730 GC heap before
{Heap before GC invocations=69 (full 25):
 garbage-first heap   total 69632K, used 47723K [0x0000000704600000, 0x0000000800000000)
  region size 2048K, 13 young (26624K), 2 survivors (4096K)
 Metaspace       used 49414K, committed 50176K, reserved 1114112K
  class space    used 6477K, committed 6784K, reserved 1048576K
}
Event: 8954.778 GC heap after
{Heap after GC invocations=70 (full 26):
 garbage-first heap   total 69632K, used 25765K [0x0000000704600000, 0x0000000800000000)
  region size 2048K, 0 young (0K), 0 survivors (0K)
 Metaspace       used 49408K, committed 50176K, reserved 1114112K
  class space    used 6476K, committed 6784K, reserved 1048576K
}
Event: 8955.071 GC heap before
{Heap before GC invocations=70 (full 26):
 garbage-first heap   total 69632K, used 58533K [0x0000000704600000, 0x0000000800000000)
  region size 2048K, 16 young (32768K), 0 survivors (0K)
 Metaspace       used 49436K, committed 50176K, reserved 1114112K
  class space    used 6482K, committed 6784K, reserved 1048576K
}
Event: 8955.073 GC heap after
{Heap after GC invocations=71 (full 26):
 garbage-first heap   total 69632K, used 28657K [0x0000000704600000, 0x0000000800000000)
  region size 2048K, 2 young (4096K), 2 survivors (4096K)
 Metaspace       used 49436K, committed 50176K, reserved 1114112K
  class space    used 6482K, committed 6784K, reserved 1048576K
}
Event: 8960.848 GC heap before
{Heap before GC invocations=71 (full 26):
 garbage-first heap   total 69632K, used 47089K [0x0000000704600000, 0x0000000800000000)
  region size 2048K, 12 young (24576K), 2 survivors (4096K)
 Metaspace       used 49489K, committed 50240K, reserved 1114112K
  class space    used 6487K, committed 6784K, reserved 1048576K
}
Event: 8960.898 GC heap after
{Heap after GC invocations=72 (full 27):
 garbage-first heap   total 69632K, used 24209K [0x0000000704600000, 0x0000000800000000)
  region size 2048K, 0 young (0K), 0 survivors (0K)
 Metaspace       used 49473K, committed 50240K, reserved 1114112K
  class space    used 6483K, committed 6784K, reserved 1048576K
}
Event: 8961.231 GC heap before
{Heap before GC invocations=72 (full 27):
 garbage-first heap   total 69632K, used 59025K [0x0000000704600000, 0x0000000800000000)
  region size 2048K, 17 young (34816K), 0 survivors (0K)
 Metaspace       used 49553K, committed 50304K, reserved 1114112K
  class space    used 6494K, committed 6784K, reserved 1048576K
}
Event: 8961.234 GC heap after
{Heap after GC invocations=73 (full 27):
 garbage-first heap   total 69632K, used 27408K [0x0000000704600000, 0x0000000800000000)
  region size 2048K, 2 young (4096K), 2 survivors (4096K)
 Metaspace       used 49553K, committed 50304K, reserved 1114112K
  class space    used 6494K, committed 6784K, reserved 1048576K
}
Event: 8999.069 GC heap before
{Heap before GC invocations=73 (full 27):
 garbage-first heap   total 69632K, used 43792K [0x0000000704600000, 0x0000000800000000)
  region size 2048K, 11 young (22528K), 2 survivors (4096K)
 Metaspace       used 49555K, committed 50304K, reserved 1114112K
  class space    used 6495K, committed 6784K, reserved 1048576K
}

