# JRE version: OpenJDK Runtime Environment Temurin-21.0.2+13 (21.0.2+13) (build 21.0.2+13-LTS)
# Java VM: OpenJDK 64-Bit Server VM Temurin-21.0.2+13 (21.0.2+13-LTS, mixed mode, emulated-client, sharing, tiered, compressed oops, compressed class ptrs, g1 gc, windows-amd64)
GC Precious Log:
 CardTable entry size: 512
 Card Set container configuration: InlinePtr #cards 4 size 8 Array Of Cards #cards 16 size 48 Howl #buckets 8 coarsen threshold 3686 Howl Bitmap #cards 512 size 80 coarsen threshold 460 Card regions per heap region 1 cards per card region 4096
 CPUs: 8 total, 8 available
 Memory: 16101M
 Large Page Support: Disabled
 NUMA Support: Disabled
 Compressed Oops: Enabled (Zero based)
 Heap Region Size: 2M
 Heap Min Capacity: 8M
 Heap Initial Capacity: 252M
 Heap Max Capacity: 4026M
 Pre-touch: Disabled
 Parallel Workers: 8
 Concurrent Workers: 2
 Concurrent Refinement Workers: 8
 Periodic GC: Disabled
Heap:
 garbage-first heap   total 75776K, used 50076K [0x0000000704600000, 0x0000000800000000)
  region size 2048K, 14 young (28672K), 2 survivors (4096K)
 Metaspace       used 50996K, committed 51840K, reserved 1114112K
  class space    used 6758K, committed 7168K, reserved 1048576K
GC Heap History (20 events):
Event: 1234.156 GC heap before
{Heap before GC invocations=28 (full 8):
 garbage-first heap   total 75776K, used 61251K [0x0000000704600000, 0x0000000800000000)
  region size 2048K, 20 young (40960K), 2 survivors (4096K)
 Metaspace       used 50416K, committed 51136K, reserved 1114112K
  class space    used 6695K, committed 7040K, reserved 1048576K
}
Event: 1234.160 GC heap after
{Heap after GC invocations=29 (full 8):
 garbage-first heap   total 75776K, used 28863K [0x0000000704600000, 0x0000000800000000)
  region size 2048K, 2 young (4096K), 2 survivors (4096K)
 Metaspace       used 50416K, committed 51136K, reserved 1114112K
  class space    used 6695K, committed 7040K, reserved 1048576K
}
Event: 1243.013 GC heap before
{Heap before GC invocations=29 (full 8):
 garbage-first heap   total 75776K, used 28863K [0x0000000704600000, 0x0000000800000000)
  region size 2048K, 3 young (6144K), 2 survivors (4096K)
 Metaspace       used 50428K, committed 51200K, reserved 1114112K
  class space    used 6696K, committed 7040K, reserved 1048576K
}
Event: 1243.102 GC heap after
{Heap after GC invocations=30 (full 9):
 garbage-first heap   total 75776K, used 21248K [0x0000000704600000, 0x0000000800000000)
  region size 2048K, 0 young (0K), 0 survivors (0K)
 Metaspace       used 50250K, committed 51200K, reserved 1114112K
  class space    used 6649K, committed 7040K, reserved 1048576K
}
Event: 1244.092 GC heap before
{Heap before GC invocations=30 (full 9):
 garbage-first heap   total 75776K, used 62208K [0x0000000704600000, 0x0000000800000000)
  region size 2048K, 20 young (40960K), 0 survivors (0K)
 Metaspace       used 50496K, committed 51264K, reserved 1114112K
  class space    used 6702K, committed 7040K, reserved 1048576K
}
Event: 1244.095 GC heap after
{Heap after GC invocations=31 (full 9):
 garbage-first heap   total 75776K, used 26182K [0x0000000704600000, 0x0000000800000000)
  region size 2048K, 3 young (6144K), 3 survivors (6144K)
 Metaspace       used 50496K, committed 51264K, reserved 1114112K
  class space    used 6702K, committed 7040K, reserved 1048576K
}
Event: 1269.329 GC heap before
{Heap before GC invocations=31 (full 9):
 garbage-first heap   total 75776K, used 42566K [0x0000000704600000, 0x0000000800000000)
  region size 2048K, 12 young (24576K), 3 survivors (6144K)
 Metaspace       used 50557K, committed 51328K, reserved 1114112K
  class space    used 6707K, committed 7040K, reserved 1048576K
}
Event: 1269.373 GC heap after
{Heap after GC invocations=32 (full 10):
 garbage-first heap   total 75776K, used 25238K [0x0000000704600000, 0x0000000800000000)
  region size 2048K, 0 young (0K), 0 survivors (0K)
 Metaspace       used 50554K, committed 51328K, reserved 1114112K
  class space    used 6707K, committed 7040K, reserved 1048576K
}
Event: 1269.732 GC heap before
{Heap before GC invocations=32 (full 10):
 garbage-first heap   total 75776K, used 62102K [0x0000000704600000, 0x0000000800000000)
  region size 2048K, 18 young (36864K), 0 survivors (0K)
 Metaspace       used 50636K, committed 51392K, reserved 1114112K
  class space    used 6716K, committed 7040K, reserved 1048576K
}
Event: 1269.735 GC heap after
{Heap after GC invocations=33 (full 10):
 garbage-first heap   total 75776K, used 28750K [0x0000000704600000, 0x0000000800000000)
  region size 2048K, 2 young (4096K), 2 survivors (4096K)
 Metaspace       used 50636K, committed 51392K, reserved 1114112K
  class space    used 6716K, committed 7040K, reserved 1048576K
}
Event: 1276.439 GC heap before
{Heap before GC invocations=33 (full 10):
 garbage-first heap   total 75776K, used 43086K [0x0000000704600000, 0x0000000800000000)
  region size 2048K, 10 young (20480K), 2 survivors (4096K)
 Metaspace       used 50687K, committed 51456K, reserved 1114112K
  class space    used 6717K, committed 7040K, reserved 1048576K
}
Event: 1276.494 GC heap after
{Heap after GC invocations=34 (full 11):
 garbage-first heap   total 75776K, used 25340K [0x0000000704600000, 0x0000000800000000)
  region size 2048K, 0 young (0K), 0 survivors (0K)
 Metaspace       used 50681K, committed 51456K, reserved 1114112K
  class space    used 6716K, committed 7040K, reserved 1048576K
}
Event: 1276.831 GC heap before
{Heap before GC invocations=34 (full 11):
 garbage-first heap   total 75776K, used 62204K [0x0000000704600000, 0x0000000800000000)
  region size 2048K, 18 young (36864K), 0 survivors (0K)
 Metaspace       used 50764K, committed 51584K, reserved 1114112K
  class space    used 6725K, committed 7104K, reserved 1048576K
}
Event: 1276.834 GC heap after
{Heap after GC invocations=35 (full 11):
 garbage-first heap   total 75776K, used 28813K [0x0000000704600000, 0x0000000800000000)
  region size 2048K, 2 young (4096K), 2 survivors (4096K)
 Metaspace       used 50764K, committed 51584K, reserved 1114112K
  class space    used 6725K, committed 7104K, reserved 1048576K
}
Event: 1341.123 GC heap before
{Heap before GC invocations=35 (full 11):
 garbage-first heap   total 75776K, used 49293K [0x0000000704600000, 0x0000000800000000)
  region size 2048K, 13 young (26624K), 2 survivors (4096K)
 Metaspace       used 50854K, committed 51712K, reserved 1114112K
  class space    used 6740K, committed 7104K, reserved 1048576K
}
Event: 1341.208 GC heap after
{Heap after GC invocations=36 (full 12):
 garbage-first heap   total 75776K, used 23528K [0x0000000704600000, 0x0000000800000000)
  region size 2048K, 0 young (0K), 0 survivors (0K)
 Metaspace       used 50763K, committed 51712K, reserved 1114112K
  class space    used 6718K, committed 7104K, reserved 1048576K
}
Event: 1341.716 GC heap before
{Heap before GC invocations=36 (full 12):
 garbage-first heap   total 75776K, used 62440K [0x0000000704600000, 0x0000000800000000)
  region size 2048K, 19 young (38912K), 0 survivors (0K)
 Metaspace       used 50844K, committed 51712K, reserved 1114112K
  class space    used 6727K, committed 7104K, reserved 1048576K
}
Event: 1341.719 GC heap after
{Heap after GC invocations=37 (full 12):
 garbage-first heap   total 75776K, used 27226K [0x0000000704600000, 0x0000000800000000)
  region size 2048K, 2 young (4096K), 2 survivors (4096K)
 Metaspace       used 50844K, committed 51712K, reserved 1114112K
  class space    used 6727K, committed 7104K, reserved 1048576K
}
Event: 3652.402 GC heap before
{Heap before GC invocations=37 (full 12):
 garbage-first heap   total 75776K, used 62042K [0x0000000704600000, 0x0000000800000000)
  region size 2048K, 20 young (40960K), 2 survivors (4096K)
 Metaspace       used 50982K, committed 51840K, reserved 1114112K
  class space    used 6757K, committed 7168K, reserved 1048576K
}
Event: 3652.407 GC heap after
{Heap after GC invocations=38 (full 12):
 garbage-first heap   total 75776K, used 29596K [0x0000000704600000, 0x0000000800000000)
  region size 2048K, 2 young (4096K), 2 survivors (4096K)
 Metaspace       used 50982K, committed 51840K, reserved 1114112K
  class space    used 6757K, committed 7168K, reserved 1048576K
}

